<?xml version="1.0" encoding="UTF-8"?>
<!-- Generated by org.testng.reporters.JUnitXMLReporter -->
<testsuite ignored="0" hostname="DESKTOP-5N6AO74" failures="0" tests="4" name="Default test" time="38.582" errors="0" timestamp="2023-10-12T15:17:53 IST">
  <testcase classname="com.runner.Runner_Class" name="launch_Go_Ibibo" time="3.306"/>
  <testcase classname="com.runner.Runner_Class" name="search_Trains" time="14.815"/>
  <testcase classname="com.runner.Runner_Class" name="train_Selection" time="11.271"/>
  <testcase classname="com.runner.Runner_Class" name="ticket_Booking" time="9.142"/>
</testsuite> <!-- Default test -->
