<?xml version="1.0" encoding="UTF-8"?>
<testng-results ignored="0" total="2" passed="2" failed="0" skipped="0">
  <reporter-output>
  </reporter-output>
  <suite started-at="2023-10-11T13:27:03 IST" name="Default suite" finished-at="2023-10-11T13:28:10 IST" duration-ms="66606">
    <groups>
    </groups>
    <test started-at="2023-10-11T13:27:03 IST" name="Default test" finished-at="2023-10-11T13:28:10 IST" duration-ms="66606">
      <class name="com.runner.Runner_Signin">
        <test-method signature="sign_Up()[pri:0, instance:com.runner.Runner_Signin@2c767a52]" started-at="2023-10-11T13:27:04 IST" name="sign_Up" finished-at="2023-10-11T13:27:53 IST" duration-ms="49310" status="PASS">
          <reporter-output>
          </reporter-output>
        </test-method> <!-- sign_Up -->
        <test-method signature="phno()[pri:0, instance:com.runner.Runner_Signin@2c767a52]" started-at="2023-10-11T13:27:53 IST" name="phno" finished-at="2023-10-11T13:28:10 IST" depends-on-methods="com.runner.Runner_Signin.sign_Up" duration-ms="17230" status="PASS">
          <reporter-output>
          </reporter-output>
        </test-method> <!-- phno -->
      </class> <!-- com.runner.Runner_Signin -->
    </test> <!-- Default test -->
  </suite> <!-- Default suite -->
</testng-results>
