<?xml version="1.0" encoding="UTF-8"?>
<testng-results ignored="0" total="4" passed="4" failed="0" skipped="0">
  <reporter-output>
  </reporter-output>
  <suite started-at="2023-10-12T15:17:15 IST" name="Default suite" finished-at="2023-10-12T15:17:53 IST" duration-ms="38582">
    <groups>
    </groups>
    <test started-at="2023-10-12T15:17:15 IST" name="Default test" finished-at="2023-10-12T15:17:53 IST" duration-ms="38582">
      <class name="com.runner.Runner_Class">
        <test-method signature="launch_Go_Ibibo()[pri:0, instance:com.runner.Runner_Class@708f5957]" started-at="2023-10-12T15:17:15 IST" name="launch_Go_Ibibo" finished-at="2023-10-12T15:17:18 IST" duration-ms="3306" status="PASS">
          <reporter-output>
          </reporter-output>
        </test-method> <!-- launch_Go_Ibibo -->
        <test-method signature="search_Trains()[pri:0, instance:com.runner.Runner_Class@708f5957]" started-at="2023-10-12T15:17:18 IST" name="search_Trains" finished-at="2023-10-12T15:17:33 IST" depends-on-methods="com.runner.Runner_Class.launch_Go_Ibibo" duration-ms="14815" status="PASS">
          <reporter-output>
          </reporter-output>
        </test-method> <!-- search_Trains -->
        <test-method signature="train_Selection()[pri:0, instance:com.runner.Runner_Class@708f5957]" started-at="2023-10-12T15:17:33 IST" name="train_Selection" finished-at="2023-10-12T15:17:44 IST" depends-on-methods="com.runner.Runner_Class.search_Trains" duration-ms="11271" status="PASS">
          <reporter-output>
          </reporter-output>
        </test-method> <!-- train_Selection -->
        <test-method signature="ticket_Booking()[pri:0, instance:com.runner.Runner_Class@708f5957]" started-at="2023-10-12T15:17:44 IST" name="ticket_Booking" finished-at="2023-10-12T15:17:53 IST" depends-on-methods="com.runner.Runner_Class.train_Selection" duration-ms="9142" status="PASS">
          <reporter-output>
          </reporter-output>
        </test-method> <!-- ticket_Booking -->
      </class> <!-- com.runner.Runner_Class -->
    </test> <!-- Default test -->
  </suite> <!-- Default suite -->
</testng-results>
